<?xml version="1.0" encoding="UTF-8"?>
<!-- Generated by org.testng.reporters.JUnitReportReporter -->
<testsuite hostname="GVG-111" failures="0" tests="1" name="TestNg_Frameworks.Demo5" time="0.001" errors="0" timestamp="2024-02-19T12:24:26 IST" skipped="0">
  <testcase classname="TestNg_Frameworks.Demo5" name="Tenth_test" time="0.001"/>
  <system-out/>
</testsuite> <!-- TestNg_Frameworks.Demo5 -->
