<?xml version="1.0" encoding="UTF-8"?>
<!-- Generated by org.testng.reporters.JUnitReportReporter -->
<testsuite hostname="GVG-111" failures="0" tests="6" name="TestNg_Frameworks.Demo1" time="0.022" errors="0" timestamp="2024-02-19T12:24:26 IST" skipped="1">
  <testcase classname="TestNg_Frameworks.Demo1" name="Second_test" time="0.001"/>
  <system-out/>
  <testcase classname="TestNg_Frameworks.Demo1" name="ABC" time="0.007"/>
  <system-out/>
  <testcase classname="TestNg_Frameworks.Demo1" name="waitforfewsec" time="0.006"/>
  <system-out/>
  <testcase classname="TestNg_Frameworks.Demo1" name="DEF" time="0.006"/>
  <system-out/>
  <testcase classname="TestNg_Frameworks.Demo1" name="first_test" time="0.002"/>
  <system-out/>
  <testcase classname="TestNg_Frameworks.Demo1" name="skiptestcase">
    <skipped/>
  </testcase> <!-- skiptestcase -->
  <system-out/>
</testsuite> <!-- TestNg_Frameworks.Demo1 -->
