<?xml version="1.0" encoding="UTF-8"?>
<!-- Generated by org.testng.reporters.JUnitReportReporter -->
<testsuite hostname="GVG-111" failures="0" tests="3" name="TestNg_Frameworks.Demo3" time="0.005" errors="0" timestamp="2024-02-19T12:24:26 IST" skipped="0">
  <testcase classname="TestNg_Frameworks.Demo3" name="Fifth_test" time="0.002"/>
  <system-out/>
  <testcase classname="TestNg_Frameworks.Demo3" name="SmokeTC3" time="0.001"/>
  <system-out/>
  <testcase classname="TestNg_Frameworks.Demo3" name="Sixth_test" time="0.002"/>
  <system-out/>
</testsuite> <!-- TestNg_Frameworks.Demo3 -->
